<?xml version="1.0" encoding="UTF-8"?>
<testng-results skipped="0" failed="0" ignored="0" total="1" passed="1">
  <reporter-output>
  </reporter-output>
  <suite name="Default suite" duration-ms="8376" started-at="2019-10-30T03:16:30 GMT" finished-at="2019-10-30T03:16:38 GMT">
    <groups>
    </groups>
    <test name="Default test" duration-ms="8376" started-at="2019-10-30T03:16:30 GMT" finished-at="2019-10-30T03:16:38 GMT">
      <class name="com.qa.testcases.ChemtrailsTest">
        <test-method status="PASS" signature="setUp()[pri:0, instance:com.qa.testcases.ChemtrailsTest@5b87ed94]" name="setUp" is-config="true" duration-ms="6903" started-at="2019-10-30T03:16:30 GMT" finished-at="2019-10-30T03:16:37 GMT">
          <reporter-output>
          </reporter-output>
        </test-method> <!-- setUp -->
        <test-method status="PASS" signature="chemtrailsGetTextTest()[pri:0, instance:com.qa.testcases.ChemtrailsTest@5b87ed94]" name="chemtrailsGetTextTest" duration-ms="16" started-at="2019-10-30T03:16:37 GMT" finished-at="2019-10-30T03:16:37 GMT">
          <reporter-output>
          </reporter-output>
        </test-method> <!-- chemtrailsGetTextTest -->
        <test-method status="PASS" signature="teardDown()[pri:0, instance:com.qa.testcases.ChemtrailsTest@5b87ed94]" name="teardDown" is-config="true" duration-ms="1416" started-at="2019-10-30T03:16:37 GMT" finished-at="2019-10-30T03:16:38 GMT">
          <reporter-output>
          </reporter-output>
        </test-method> <!-- teardDown -->
      </class> <!-- com.qa.testcases.ChemtrailsTest -->
    </test> <!-- Default test -->
  </suite> <!-- Default suite -->
</testng-results>
